Wed Sep 12 16:55:50 EDT 2012 ./pull.sh updating config_repo
COPYING CONFIG FILES TO .
[master 5ac28f0] automated commit from dev@dmehta Wed Sep 12 16:55:50 EDT 2012
 4 files changed, 7 insertions(+), 2 deletions(-)
 create mode 100644 pull.log
Branch master set up to track remote branch master from github.
DONE
Wed Sep 12 17:00:01 EDT 2012 /home/dev/testcode/config_repo/pull.sh updating config_repo
COPYING CONFIG FILES TO /home/dev/testcode/config_repo
[master 7546c21] automated commit from @dmehta Wed Sep 12 17:00:01 EDT 2012
 4 files changed, 13 insertions(+), 2 deletions(-)
Branch master set up to track remote branch master from github.
DONE
Wed Sep 12 18:00:01 EDT 2012 /home/dev/testcode/config_repo/pull.sh updating config_repo
COPYING CONFIG FILES TO /home/dev/testcode/config_repo
[master 8a3be81] automated commit from dev@dmehta Wed Sep 12 18:00:01 EDT 2012
 3 files changed, 6 insertions(+), 1 deletions(-)
Branch master set up to track remote branch master from github.
DONE
Wed Sep 12 20:00:01 EDT 2012 /home/dev/testcode/config_repo/pull.sh updating config_repo
COPYING CONFIG FILES TO /home/dev/testcode/config_repo
[master 1184400] automated commit from dev@dmehta Wed Sep 12 20:00:01 EDT 2012
 1 files changed, 6 insertions(+), 0 deletions(-)
Branch master set up to track remote branch master from github.
DONE
Wed Sep 12 22:00:02 EDT 2012 /home/dev/testcode/config_repo/pull.sh updating config_repo
COPYING CONFIG FILES TO /home/dev/testcode/config_repo
[master cfbfd54] automated commit from dev@dmehta Wed Sep 12 22:00:02 EDT 2012
 1 files changed, 6 insertions(+), 0 deletions(-)
Branch master set up to track remote branch master from github.
DONE
Thu Sep 13 00:00:01 EDT 2012 /home/dev/testcode/config_repo/pull.sh updating config_repo
COPYING CONFIG FILES TO /home/dev/testcode/config_repo
[master 43e4618] automated commit from dev@dmehta Thu Sep 13 00:00:01 EDT 2012
 1 files changed, 6 insertions(+), 0 deletions(-)
Branch master set up to track remote branch master from github.
DONE
Thu Sep 13 02:00:01 EDT 2012 /home/dev/testcode/config_repo/pull.sh updating config_repo
COPYING CONFIG FILES TO /home/dev/testcode/config_repo
[master 576e922] automated commit from dev@dmehta Thu Sep 13 02:00:01 EDT 2012
 1 files changed, 6 insertions(+), 0 deletions(-)
Branch master set up to track remote branch master from github.
DONE
Thu Sep 13 04:00:01 EDT 2012 /home/dev/testcode/config_repo/pull.sh updating config_repo
COPYING CONFIG FILES TO /home/dev/testcode/config_repo
[master d4a19bd] automated commit from dev@dmehta Thu Sep 13 04:00:01 EDT 2012
 1 files changed, 6 insertions(+), 0 deletions(-)
Branch master set up to track remote branch master from github.
DONE
Thu Sep 13 06:00:01 EDT 2012 /home/dev/testcode/config_repo/pull.sh updating config_repo
COPYING CONFIG FILES TO /home/dev/testcode/config_repo
[master 8594e61] automated commit from dev@dmehta Thu Sep 13 06:00:01 EDT 2012
 1 files changed, 6 insertions(+), 0 deletions(-)
Branch master set up to track remote branch master from github.
DONE
Thu Sep 13 08:00:01 EDT 2012 /home/dev/testcode/config_repo/pull.sh updating config_repo
COPYING CONFIG FILES TO /home/dev/testcode/config_repo
[master ddb3633] automated commit from dev@dmehta Thu Sep 13 08:00:01 EDT 2012
 1 files changed, 6 insertions(+), 0 deletions(-)
Branch master set up to track remote branch master from github.
DONE
Thu Sep 13 10:00:01 EDT 2012 /home/dev/testcode/config_repo/pull.sh updating config_repo
COPYING CONFIG FILES TO /home/dev/testcode/config_repo
[master 3b3b56f] automated commit from dev@dmehta Thu Sep 13 10:00:01 EDT 2012
 1 files changed, 6 insertions(+), 0 deletions(-)
Branch master set up to track remote branch master from github.
DONE
Thu Sep 13 12:00:01 EDT 2012 /home/dev/testcode/config_repo/pull.sh updating config_repo
COPYING CONFIG FILES TO /home/dev/testcode/config_repo
